\BOOKMARK [1][-]{section.1}{Revision History}{}% 1
\BOOKMARK [1][-]{section.2}{Reference Material}{}% 2
\BOOKMARK [2][-]{subsection.2.1}{Table of Units}{section.2}% 3
\BOOKMARK [2][-]{subsection.2.2}{Table of Symbols}{section.2}% 4
\BOOKMARK [2][-]{subsection.2.3}{Abbreviations and Acronyms}{section.2}% 5
\BOOKMARK [1][-]{section.3}{Introduction}{}% 6
\BOOKMARK [2][-]{subsection.3.1}{Purpose of Document}{section.3}% 7
\BOOKMARK [2][-]{subsection.3.2}{Scope of the Family}{section.3}% 8
\BOOKMARK [2][-]{subsection.3.3}{Characteristics of Intended Reader}{section.3}% 9
\BOOKMARK [2][-]{subsection.3.4}{Organization of Document}{section.3}% 10
\BOOKMARK [1][-]{section.4}{General System Description}{}% 11
\BOOKMARK [2][-]{subsection.4.1}{Potential System Contexts}{section.4}% 12
\BOOKMARK [2][-]{subsection.4.2}{Potential User Characteristics}{section.4}% 13
\BOOKMARK [2][-]{subsection.4.3}{Potential System Constraints}{section.4}% 14
\BOOKMARK [1][-]{section.5}{Commonalities}{}% 15
\BOOKMARK [2][-]{subsection.5.1}{Background Overview}{section.5}% 16
\BOOKMARK [2][-]{subsection.5.2}{Terminology and Definitions}{section.5}% 17
\BOOKMARK [2][-]{subsection.5.3}{Data Definitions}{section.5}% 18
\BOOKMARK [2][-]{subsection.5.4}{Goal Statements}{section.5}% 19
\BOOKMARK [2][-]{subsection.5.5}{Theoretical Models}{section.5}% 20
\BOOKMARK [1][-]{section.6}{Variabilities}{}% 21
\BOOKMARK [2][-]{subsection.6.1}{Assumptions}{section.6}% 22
\BOOKMARK [2][-]{subsection.6.2}{Calculation}{section.6}% 23
\BOOKMARK [2][-]{subsection.6.3}{Output}{section.6}% 24
\BOOKMARK [1][-]{section.7}{Requirements}{}% 25
\BOOKMARK [2][-]{subsection.7.1}{Family of Functional Requirements}{section.7}% 26
\BOOKMARK [2][-]{subsection.7.2}{Nonfunctional Requirements}{section.7}% 27
\BOOKMARK [1][-]{section.8}{Likely Changes}{}% 28
\BOOKMARK [1][-]{section.9}{Traceability Matrices and Graphs}{}% 29
\BOOKMARK [1][-]{section.10}{Appendix}{}% 30
\BOOKMARK [2][-]{subsection.10.1}{Symbolic Parameters}{section.10}% 31
\BOOKMARK [2][-]{subsection.10.2}{Off The Shelf Solutions}{section.10}% 32
\BOOKMARK [2][-]{subsection.10.3}{Coefficient Weights for Equilibrium Distribution Function}{section.10}% 33
