\BOOKMARK [1][-]{section.1}{Revision History}{}% 1
\BOOKMARK [1][-]{section.2}{Symbols, Abbreviations and Acronyms}{}% 2
\BOOKMARK [1][-]{section.3}{General Information}{}% 3
\BOOKMARK [2][-]{subsection.3.1}{Summary}{section.3}% 4
\BOOKMARK [2][-]{subsection.3.2}{Objectives}{section.3}% 5
\BOOKMARK [2][-]{subsection.3.3}{Relevant Documentation}{section.3}% 6
\BOOKMARK [1][-]{section.4}{Plan}{}% 7
\BOOKMARK [2][-]{subsection.4.1}{Verification and Validation Team}{section.4}% 8
\BOOKMARK [2][-]{subsection.4.2}{CA Verification Plan}{section.4}% 9
\BOOKMARK [2][-]{subsection.4.3}{Design Verification Plan}{section.4}% 10
\BOOKMARK [2][-]{subsection.4.4}{Implementation Verification Plan}{section.4}% 11
\BOOKMARK [2][-]{subsection.4.5}{Software Validation Plan}{section.4}% 12
\BOOKMARK [1][-]{section.5}{System Test Description}{}% 13
\BOOKMARK [2][-]{subsection.5.1}{Tests for Functional Requirements}{section.5}% 14
\BOOKMARK [3][-]{subsubsection.5.1.1}{Input}{subsection.5.1}% 15
\BOOKMARK [3][-]{subsubsection.5.1.2}{Von Karman Vortex Street}{subsection.5.1}% 16
\BOOKMARK [3][-]{subsubsection.5.1.3}{Poiseuille Flow}{subsection.5.1}% 17
\BOOKMARK [2][-]{subsection.5.2}{Tests for Nonfunctional Requirements}{section.5}% 18
\BOOKMARK [3][-]{subsubsection.5.2.1}{Correctness}{subsection.5.2}% 19
\BOOKMARK [3][-]{subsubsection.5.2.2}{Maintainability}{subsection.5.2}% 20
\BOOKMARK [3][-]{subsubsection.5.2.3}{Performance}{subsection.5.2}% 21
\BOOKMARK [3][-]{subsubsection.5.2.4}{Portability}{subsection.5.2}% 22
\BOOKMARK [3][-]{subsubsection.5.2.5}{Robustness}{subsection.5.2}% 23
\BOOKMARK [3][-]{subsubsection.5.2.6}{Usability}{subsection.5.2}% 24
\BOOKMARK [2][-]{subsection.5.3}{Traceability Between Test Cases and Requirements}{section.5}% 25
\BOOKMARK [1][-]{section.6}{Appendix}{}% 26
\BOOKMARK [2][-]{subsection.6.1}{Symbolic Parameters}{section.6}% 27
\BOOKMARK [2][-]{subsection.6.2}{Usability Survey Questions}{section.6}% 28
\BOOKMARK [2][-]{subsection.6.3}{Input Data}{section.6}% 29
